<?xml version="1.0" encoding="UTF-8"?>
<!-- Generated by org.testng.reporters.JUnitReportReporter -->
<testsuite hostname="LAPTOP-Q8L1QTM3" failures="0" tests="1" name="testCases.TC_002_Login" time="7.134" errors="0" timestamp="2023-05-10T10:36:44 CEST" skipped="0">
  <testcase classname="testCases.TC_002_Login" name="test_login" time="7.134"/>
  <system-out/>
</testsuite> <!-- testCases.TC_002_Login -->
