<?xml version="1.0" encoding="UTF-8"?>
<!-- Generated by org.testng.reporters.JUnitReportReporter -->
<testsuite hostname="LAPTOP-Q8L1QTM3" failures="0" tests="1" name="testCases.TC_001_AccountRegistrationTest" time="8.913" errors="0" timestamp="2023-05-10T10:36:44 CEST" skipped="0">
  <testcase classname="testCases.TC_001_AccountRegistrationTest" name="test_Account_Registraion" time="8.913"/>
  <system-out/>
</testsuite> <!-- testCases.TC_001_AccountRegistrationTest -->
