<?xml version="1.0" encoding="UTF-8"?>
<!-- Generated by org.testng.reporters.JUnitReportReporter -->
<testsuite hostname="LAPTOP-Q8L1QTM3" failures="0" tests="1" name="testCases.Tc_002_LoginTest" time="2.238" errors="0" timestamp="2023-05-04T15:34:28 CEST" skipped="0">
  <testcase classname="testCases.Tc_002_LoginTest" name="test_login" time="2.238"/>
  <system-out/>
</testsuite> <!-- testCases.Tc_002_LoginTest -->
