<?xml version="1.0" encoding="UTF-8"?>
<!-- Generated by org.testng.reporters.JUnitReportReporter -->
<testsuite hostname="LAPTOP-Q8L1QTM3" failures="0" tests="1" name="testCases.TC_002_Login" time="2.178" errors="0" timestamp="2023-05-11T15:43:48 CEST" skipped="0">
  <testcase classname="testCases.TC_002_Login" name="test_login" time="2.178"/>
  <system-out/>
</testsuite> <!-- testCases.TC_002_Login -->
