<?xml version="1.0" encoding="UTF-8"?>
<!-- Generated by org.testng.reporters.JUnitReportReporter -->
<testsuite hostname="LAPTOP-Q8L1QTM3" failures="0" tests="1" name="testCases.TC_001_AccountRegistrationTest" time="3.718" errors="0" timestamp="2023-05-11T15:43:48 CEST" skipped="0">
  <testcase classname="testCases.TC_001_AccountRegistrationTest" name="test_Account_Registraion" time="3.718"/>
  <system-out/>
</testsuite> <!-- testCases.TC_001_AccountRegistrationTest -->
